[15:52:52] [main/INFO]: Environment: authHost='https://authserver.mojang.com', accountsHost='https://api.mojang.com', sessionHost='https://sessionserver.mojang.com', servicesHost='https://api.minecraftservices.com', name='PROD'
[15:52:52] [main/WARN]: Ambiguity between arguments [teleport, location] and [teleport, destination] with inputs: [0.1 -0.5 .9, 0 0 0]
[15:52:52] [main/WARN]: Ambiguity between arguments [teleport, location] and [teleport, targets] with inputs: [0.1 -0.5 .9, 0 0 0]
[15:52:52] [main/WARN]: Ambiguity between arguments [teleport, destination] and [teleport, targets] with inputs: [Player, 0123, @e, dd12be42-52a9-4a91-a8a1-11c01849e498]
[15:52:52] [main/WARN]: Ambiguity between arguments [teleport, targets] and [teleport, destination] with inputs: [Player, 0123, dd12be42-52a9-4a91-a8a1-11c01849e498]
[15:52:52] [main/WARN]: Ambiguity between arguments [teleport, targets, location] and [teleport, targets, destination] with inputs: [0.1 -0.5 .9, 0 0 0]
[15:52:52] [main/INFO]: Reloading ResourceManager: Default
[15:52:53] [Worker-Main-13/INFO]: Loaded 7 recipes
[15:52:53] [Worker-Main-13/INFO]: Loaded 1137 advancements
[15:52:55] [Server thread/INFO]: Starting minecraft server version 1.17.1
[15:52:55] [Server thread/INFO]: Loading properties
[15:52:55] [Server thread/INFO]: Default game type: SURVIVAL
[15:52:55] [Server thread/INFO]: Generating keypair
[15:52:55] [Server thread/INFO]: Starting Minecraft server on *:25565
[15:52:55] [Server thread/INFO]: Using default channel type
[15:52:56] [Server thread/INFO]: Preparing level "world"
[15:52:56] [Server thread/INFO]: Preparing start region for dimension minecraft:overworld
[15:52:56] [Worker-Main-13/INFO]: Preparing spawn area: 0%
[15:52:56] [Worker-Main-11/INFO]: Preparing spawn area: 0%
[15:52:57] [Worker-Main-9/INFO]: Preparing spawn area: 0%
[15:52:57] [Worker-Main-14/INFO]: Preparing spawn area: 0%
[15:52:58] [Worker-Main-8/INFO]: Preparing spawn area: 0%
[15:52:58] [Worker-Main-9/INFO]: Preparing spawn area: 5%
[15:53:00] [Worker-Main-11/INFO]: Preparing spawn area: 5%
[15:53:00] [Worker-Main-14/INFO]: Preparing spawn area: 5%
[15:53:00] [Worker-Main-14/INFO]: Preparing spawn area: 6%
[15:53:15] [Worker-Main-8/INFO]: Preparing spawn area: 6%
[15:53:15] [Worker-Main-12/INFO]: Preparing spawn area: 6%
[15:53:15] [Worker-Main-8/INFO]: Preparing spawn area: 6%
[15:53:15] [Worker-Main-12/INFO]: Preparing spawn area: 6%
[15:53:15] [Worker-Main-8/INFO]: Preparing spawn area: 6%
[15:53:15] [Worker-Main-13/INFO]: Preparing spawn area: 6%
[15:53:15] [Worker-Main-13/INFO]: Preparing spawn area: 6%
[15:53:15] [Worker-Main-13/INFO]: Preparing spawn area: 6%
[15:53:15] [Worker-Main-12/INFO]: Preparing spawn area: 6%
[15:53:15] [Worker-Main-13/INFO]: Preparing spawn area: 6%
[15:53:16] [Worker-Main-13/INFO]: Preparing spawn area: 6%
[15:53:16] [Worker-Main-13/INFO]: Preparing spawn area: 6%
[15:53:16] [Worker-Main-13/INFO]: Preparing spawn area: 6%
[15:53:16] [Worker-Main-8/INFO]: Preparing spawn area: 6%
[15:53:16] [Worker-Main-13/INFO]: Preparing spawn area: 6%
[15:53:16] [Worker-Main-12/INFO]: Preparing spawn area: 6%
[15:53:16] [Worker-Main-13/INFO]: Preparing spawn area: 6%
[15:53:16] [Worker-Main-8/INFO]: Preparing spawn area: 6%
[15:53:16] [Worker-Main-13/INFO]: Preparing spawn area: 6%
[15:53:16] [Worker-Main-13/INFO]: Preparing spawn area: 6%
[15:53:16] [Worker-Main-11/INFO]: Preparing spawn area: 6%
[15:53:16] [Worker-Main-12/INFO]: Preparing spawn area: 6%
[15:53:16] [Worker-Main-13/INFO]: Preparing spawn area: 6%
[15:53:16] [Worker-Main-13/INFO]: Preparing spawn area: 6%
[15:53:16] [Worker-Main-8/INFO]: Preparing spawn area: 6%
[15:53:16] [Worker-Main-12/INFO]: Preparing spawn area: 6%
[15:53:16] [Worker-Main-13/INFO]: Preparing spawn area: 6%
[15:53:16] [Worker-Main-13/INFO]: Preparing spawn area: 6%
[15:53:16] [Worker-Main-12/INFO]: Preparing spawn area: 6%
[15:53:16] [Worker-Main-12/INFO]: Preparing spawn area: 6%
[15:53:16] [Worker-Main-13/INFO]: Preparing spawn area: 6%
[15:53:16] [Worker-Main-14/INFO]: Preparing spawn area: 8%
[15:53:16] [Worker-Main-13/INFO]: Preparing spawn area: 33%
[15:53:17] [Worker-Main-13/INFO]: Preparing spawn area: 37%
[15:53:17] [Worker-Main-12/INFO]: Preparing spawn area: 37%
[15:53:18] [Worker-Main-11/INFO]: Preparing spawn area: 48%
[15:53:18] [Worker-Main-8/INFO]: Preparing spawn area: 48%
[15:53:21] [User Authenticator #1/INFO]: UUID of player cambo9111 is 9b9ed909-ebba-4fd3-ac89-bb5586b59712
[15:53:23] [Server thread/INFO]: Time elapsed: 27238 ms
[15:53:23] [Server thread/INFO]: Done (27.424s)! For help, type "help"
[15:53:24] [Server thread/INFO]: cambo9111[/127.0.0.1:50080] logged in with entity id 159 at (-5.5, 87.5625, 696.5)
[15:53:24] [Server thread/INFO]: cambo9111 joined the game
[15:53:26] [Server thread/WARN]: Can't keep up! Is the server overloaded? Running 2871ms or 57 ticks behind
[16:31:12] [Server thread/INFO]: [cambo9111: Saved the game]
[16:31:13] [Server thread/INFO]: [cambo9111: Stopping the server]
[16:31:13] [Server thread/INFO]: Stopping server
[16:31:13] [Server thread/INFO]: Saving players
[16:31:13] [Server thread/INFO]: Saving worlds
[16:31:13] [Server thread/INFO]: Saving chunks for level 'ServerLevel[world]'/minecraft:overworld
[16:31:13] [Server thread/INFO]: Saving chunks for level 'ServerLevel[world]'/minecraft:the_nether
[16:31:13] [Server thread/INFO]: Saving chunks for level 'ServerLevel[world]'/minecraft:the_end
[16:31:13] [Server thread/INFO]: ThreadedAnvilChunkStorage (world): All chunks are saved
[16:31:13] [Server thread/INFO]: ThreadedAnvilChunkStorage (DIM-1): All chunks are saved
[16:31:13] [Server thread/INFO]: ThreadedAnvilChunkStorage (DIM1): All chunks are saved
[16:31:13] [Server thread/INFO]: ThreadedAnvilChunkStorage: All dimensions are saved
